2017-11-21 12:01:51.554+0000 WARN [o.n.i.p.PageCache] The dbms.memory.pagecache.size setting has not been configured. It is recommended that this setting is always explicitly configured, to ensure the system has a balanced configuration. Until then, a computed heuristic value of 3221225472 bytes will be used instead. 
2017-11-21 12:01:51.957+0000 INFO [o.n.k.i.f.CommunityEditionModule] No locking implementation specified, defaulting to 'community'
2017-11-21 12:01:52.110+0000 INFO [o.n.k.AvailabilityGuard] Requirement makes database unavailable: Database available
2017-11-21 12:01:52.128+0000 INFO [o.n.k.i.DiagnosticsManager] --- INITIALIZED diagnostics START ---
2017-11-21 12:01:52.128+0000 INFO [o.n.k.i.DiagnosticsManager] Neo4j Kernel properties:
2017-11-21 12:01:52.128+0000 INFO [o.n.k.i.DiagnosticsManager] dbms.connector.http.enabled=true
2017-11-21 12:01:52.129+0000 INFO [o.n.k.i.DiagnosticsManager] dbms.security.auth_enabled=false
2017-11-21 12:01:52.129+0000 INFO [o.n.k.i.DiagnosticsManager] dbms.windows_service_name=neo4j
2017-11-21 12:01:52.129+0000 INFO [o.n.k.i.DiagnosticsManager] dbms.connector.http.listen_address=localhost:7474
2017-11-21 12:01:52.129+0000 INFO [o.n.k.i.DiagnosticsManager] dbms.connector.https.listen_address=localhost:7473
2017-11-21 12:01:52.129+0000 INFO [o.n.k.i.DiagnosticsManager] unsupported.dbms.directories.neo4j_home=/Users/yoshidatakuji/Documents/collect-univ-date/db/neo4j/development
2017-11-21 12:01:52.129+0000 INFO [o.n.k.i.DiagnosticsManager] dbms.connector.bolt.listen_address=localhost:7472
2017-11-21 12:01:52.129+0000 INFO [o.n.k.i.DiagnosticsManager] dbms.directories.import=import
2017-11-21 12:01:52.129+0000 INFO [o.n.k.i.DiagnosticsManager] unsupported.dbms.edition=community
2017-11-21 12:01:52.129+0000 INFO [o.n.k.i.DiagnosticsManager] dbms.connector.bolt.enabled=true
2017-11-21 12:01:52.130+0000 INFO [o.n.k.i.DiagnosticsManager] dbms.connector.https.enabled=false
2017-11-21 12:01:52.130+0000 INFO [o.n.k.i.DiagnosticsManager] dbms.jvm.additional=-Dunsupported.dbms.udc.source=tarball
2017-11-21 12:01:52.130+0000 INFO [o.n.k.i.DiagnosticsManager] dbms.tx_log.rotation.retention_policy=1 days
2017-11-21 12:01:52.130+0000 INFO [o.n.k.i.DiagnosticsManager] Diagnostics providers:
2017-11-21 12:01:52.130+0000 INFO [o.n.k.i.DiagnosticsManager] org.neo4j.kernel.configuration.Config
2017-11-21 12:01:52.130+0000 INFO [o.n.k.i.DiagnosticsManager] org.neo4j.kernel.info.DiagnosticsManager
2017-11-21 12:01:52.130+0000 INFO [o.n.k.i.DiagnosticsManager] SYSTEM_MEMORY
2017-11-21 12:01:52.130+0000 INFO [o.n.k.i.DiagnosticsManager] JAVA_MEMORY
2017-11-21 12:01:52.130+0000 INFO [o.n.k.i.DiagnosticsManager] OPERATING_SYSTEM
2017-11-21 12:01:52.131+0000 INFO [o.n.k.i.DiagnosticsManager] JAVA_VIRTUAL_MACHINE
2017-11-21 12:01:52.131+0000 INFO [o.n.k.i.DiagnosticsManager] CLASSPATH
2017-11-21 12:01:52.131+0000 INFO [o.n.k.i.DiagnosticsManager] LIBRARY_PATH
2017-11-21 12:01:52.131+0000 INFO [o.n.k.i.DiagnosticsManager] SYSTEM_PROPERTIES
2017-11-21 12:01:52.131+0000 INFO [o.n.k.i.DiagnosticsManager] NETWORK
2017-11-21 12:01:52.131+0000 INFO [o.n.k.i.DiagnosticsManager] System memory information:
2017-11-21 12:01:52.133+0000 INFO [o.n.k.i.DiagnosticsManager] Total Physical memory: 8.00 GB
2017-11-21 12:01:52.133+0000 INFO [o.n.k.i.DiagnosticsManager] Free Physical memory: 410.39 MB
2017-11-21 12:01:52.134+0000 INFO [o.n.k.i.DiagnosticsManager] Committed virtual memory: 5.82 GB
2017-11-21 12:01:52.134+0000 INFO [o.n.k.i.DiagnosticsManager] Total swap space: 0.00 B
2017-11-21 12:01:52.135+0000 INFO [o.n.k.i.DiagnosticsManager] Free swap space: 0.00 B
2017-11-21 12:01:52.135+0000 INFO [o.n.k.i.DiagnosticsManager] JVM memory information:
2017-11-21 12:01:52.135+0000 INFO [o.n.k.i.DiagnosticsManager] Free  memory: 80.70 MB
2017-11-21 12:01:52.135+0000 INFO [o.n.k.i.DiagnosticsManager] Total memory: 128.00 MB
2017-11-21 12:01:52.135+0000 INFO [o.n.k.i.DiagnosticsManager] Max   memory: 2.00 GB
2017-11-21 12:01:52.137+0000 INFO [o.n.k.i.DiagnosticsManager] Garbage Collector: G1 Young Generation: [G1 Eden Space, G1 Survivor Space]
2017-11-21 12:01:52.137+0000 INFO [o.n.k.i.DiagnosticsManager] Garbage Collector: G1 Old Generation: [G1 Eden Space, G1 Survivor Space, G1 Old Gen]
2017-11-21 12:01:52.139+0000 INFO [o.n.k.i.DiagnosticsManager] Memory Pool: Code Cache (Non-heap memory): committed=5.00 MB, used=4.91 MB, max=240.00 MB, threshold=0.00 B
2017-11-21 12:01:52.139+0000 INFO [o.n.k.i.DiagnosticsManager] Memory Pool: Metaspace (Non-heap memory): committed=14.00 MB, used=12.98 MB, max=-1.00 B, threshold=0.00 B
2017-11-21 12:01:52.140+0000 INFO [o.n.k.i.DiagnosticsManager] Memory Pool: Compressed Class Space (Non-heap memory): committed=2.00 MB, used=1.72 MB, max=1.00 GB, threshold=0.00 B
2017-11-21 12:01:52.140+0000 INFO [o.n.k.i.DiagnosticsManager] Memory Pool: G1 Eden Space (Heap memory): committed=77.00 MB, used=42.00 MB, max=-1.00 B, threshold=?
2017-11-21 12:01:52.140+0000 INFO [o.n.k.i.DiagnosticsManager] Memory Pool: G1 Survivor Space (Heap memory): committed=3.00 MB, used=3.00 MB, max=-1.00 B, threshold=?
2017-11-21 12:01:52.140+0000 INFO [o.n.k.i.DiagnosticsManager] Memory Pool: G1 Old Gen (Heap memory): committed=48.00 MB, used=1.80 MB, max=2.00 GB, threshold=0.00 B
2017-11-21 12:01:52.140+0000 INFO [o.n.k.i.DiagnosticsManager] Operating system information:
2017-11-21 12:01:52.142+0000 INFO [o.n.k.i.DiagnosticsManager] Operating System: Mac OS X; version: 10.12.6; arch: x86_64; cpus: 4
2017-11-21 12:01:52.142+0000 INFO [o.n.k.i.DiagnosticsManager] Max number of file descriptors: 10240
2017-11-21 12:01:52.143+0000 INFO [o.n.k.i.DiagnosticsManager] Number of open file descriptors: 104
2017-11-21 12:01:57.149+0000 INFO [o.n.k.i.DiagnosticsManager] Process id: 1781@yoshidatakumishinoMacBook-Pro.local
2017-11-21 12:01:57.150+0000 INFO [o.n.k.i.DiagnosticsManager] Byte order: LITTLE_ENDIAN
2017-11-21 12:01:57.152+0000 INFO [o.n.k.i.DiagnosticsManager] Local timezone: Asia/Tokyo
2017-11-21 12:01:57.152+0000 INFO [o.n.k.i.DiagnosticsManager] JVM information:
2017-11-21 12:01:57.153+0000 INFO [o.n.k.i.DiagnosticsManager] VM Name: Java HotSpot(TM) 64-Bit Server VM
2017-11-21 12:01:57.153+0000 INFO [o.n.k.i.DiagnosticsManager] VM Vendor: Oracle Corporation
2017-11-21 12:01:57.153+0000 INFO [o.n.k.i.DiagnosticsManager] VM Version: 25.151-b12
2017-11-21 12:01:57.153+0000 INFO [o.n.k.i.DiagnosticsManager] JIT compiler: HotSpot 64-Bit Tiered Compilers
2017-11-21 12:01:57.156+0000 INFO [o.n.k.i.DiagnosticsManager] VM Arguments: [-XX:+UseG1GC, -XX:-OmitStackTraceInFastThrow, -XX:+AlwaysPreTouch, -XX:+UnlockExperimentalVMOptions, -XX:+TrustFinalNonStaticFields, -XX:+DisableExplicitGC, -Djdk.tls.ephemeralDHKeySize=2048, -Dunsupported.dbms.udc.source=tarball, -Dfile.encoding=UTF-8]
2017-11-21 12:01:57.156+0000 INFO [o.n.k.i.DiagnosticsManager] Java classpath:
2017-11-21 12:01:57.157+0000 INFO [o.n.k.i.DiagnosticsManager]  [bootstrap] /Library/Java/JavaVirtualMachines/jdk1.8.0_151.jdk/Contents/Home/jre/lib/rt.jar
2017-11-21 12:01:57.158+0000 INFO [o.n.k.i.DiagnosticsManager]  [loader.1] file:/Library/Java/JavaVirtualMachines/jdk1.8.0_151.jdk/Contents/Home/jre/lib/ext/sunpkcs11.jar
2017-11-21 12:01:57.158+0000 INFO [o.n.k.i.DiagnosticsManager]  [classpath + loader.0] file:/Users/yoshidatakuji/Documents/collect-univ-date/db/neo4j/development/lib/scala-reflect-2.11.11.jar
2017-11-21 12:01:57.158+0000 INFO [o.n.k.i.DiagnosticsManager]  [classpath + loader.0] file:/Users/yoshidatakuji/Documents/collect-univ-date/db/neo4j/development/lib/neo4j-common-3.3.0.jar
2017-11-21 12:01:57.158+0000 INFO [o.n.k.i.DiagnosticsManager]  [classpath + loader.0] file:/Users/yoshidatakuji/Documents/collect-univ-date/db/neo4j/development/lib/jersey-servlet-1.19.jar
2017-11-21 12:01:57.158+0000 INFO [o.n.k.i.DiagnosticsManager]  [classpath + loader.0] file:/Users/yoshidatakuji/Documents/collect-univ-date/db/neo4j/development/lib/neo4j-command-line-3.3.0.jar
2017-11-21 12:01:57.158+0000 INFO [o.n.k.i.DiagnosticsManager]  [loader.1] file:/Library/Java/JavaVirtualMachines/jdk1.8.0_151.jdk/Contents/Home/jre/lib/ext/jfxrt.jar
2017-11-21 12:01:57.158+0000 INFO [o.n.k.i.DiagnosticsManager]  [classpath + loader.0] file:/Users/yoshidatakuji/Documents/collect-univ-date/db/neo4j/development/lib/neo4j-values-3.3.0.jar
2017-11-21 12:01:57.158+0000 INFO [o.n.k.i.DiagnosticsManager]  [loader.1] file:/Library/Java/JavaVirtualMachines/jdk1.8.0_151.jdk/Contents/Home/jre/lib/ext/cldrdata.jar
2017-11-21 12:01:57.158+0000 INFO [o.n.k.i.DiagnosticsManager]  [classpath + loader.0] file:/Users/yoshidatakuji/Documents/collect-univ-date/db/neo4j/development/lib/neo4j-shell-3.3.0.jar
2017-11-21 12:01:57.158+0000 INFO [o.n.k.i.DiagnosticsManager]  [classpath + loader.0] file:/Users/yoshidatakuji/Documents/collect-univ-date/db/neo4j/development/lib/neo4j-csv-3.3.0.jar
2017-11-21 12:01:57.158+0000 INFO [o.n.k.i.DiagnosticsManager]  [bootstrap] /Library/Java/JavaVirtualMachines/jdk1.8.0_151.jdk/Contents/Home/jre/lib/charsets.jar
2017-11-21 12:01:57.158+0000 INFO [o.n.k.i.DiagnosticsManager]  [classpath + loader.0] file:/Users/yoshidatakuji/Documents/collect-univ-date/db/neo4j/development/lib/commons-compress-1.12.jar
2017-11-21 12:01:57.159+0000 INFO [o.n.k.i.DiagnosticsManager]  [classpath + loader.0] file:/Users/yoshidatakuji/Documents/collect-univ-date/db/neo4j/development/lib/jersey-multipart-1.19.jar
2017-11-21 12:01:57.159+0000 INFO [o.n.k.i.DiagnosticsManager]  [classpath + loader.0] file:/Users/yoshidatakuji/Documents/collect-univ-date/db/neo4j/development/lib/commons-io-2.4.jar
2017-11-21 12:01:57.159+0000 INFO [o.n.k.i.DiagnosticsManager]  [classpath + loader.0] file:/Users/yoshidatakuji/Documents/collect-univ-date/db/neo4j/development/lib/neo4j-graph-algo-3.3.0.jar
2017-11-21 12:01:57.159+0000 INFO [o.n.k.i.DiagnosticsManager]  [classpath + loader.0] file:/Users/yoshidatakuji/Documents/collect-univ-date/db/neo4j/development/lib/scala-library-2.11.11.jar
2017-11-21 12:01:57.159+0000 INFO [o.n.k.i.DiagnosticsManager]  [classpath + loader.0] file:/Users/yoshidatakuji/Documents/collect-univ-date/db/neo4j/development/lib/commons-lang-2.6.jar
2017-11-21 12:01:57.159+0000 INFO [o.n.k.i.DiagnosticsManager]  [classpath + loader.0] file:/Users/yoshidatakuji/Documents/collect-univ-date/db/neo4j/development/lib/neo4j-index-3.3.0.jar
2017-11-21 12:01:57.159+0000 INFO [o.n.k.i.DiagnosticsManager]  [classpath + loader.0] file:/Users/yoshidatakuji/Documents/collect-univ-date/db/neo4j/development/lib/commons-lang3-3.5.jar
2017-11-21 12:01:57.159+0000 INFO [o.n.k.i.DiagnosticsManager]  [bootstrap] /Library/Java/JavaVirtualMachines/jdk1.8.0_151.jdk/Contents/Home/jre/classes
2017-11-21 12:01:57.159+0000 INFO [o.n.k.i.DiagnosticsManager]  [classpath + loader.0] file:/Users/yoshidatakuji/Documents/collect-univ-date/db/neo4j/development/lib/neo4j-cypher-3.3.0.jar
2017-11-21 12:01:57.159+0000 INFO [o.n.k.i.DiagnosticsManager]  [classpath + loader.0] file:/Users/yoshidatakuji/Documents/collect-univ-date/db/neo4j/development/lib/neo4j-resource-3.3.0.jar
2017-11-21 12:01:57.159+0000 INFO [o.n.k.i.DiagnosticsManager]  [loader.1] file:/Library/Java/JavaVirtualMachines/jdk1.8.0_151.jdk/Contents/Home/jre/lib/ext/nashorn.jar
2017-11-21 12:01:57.159+0000 INFO [o.n.k.i.DiagnosticsManager]  [classpath + loader.0] file:/Users/yoshidatakuji/Documents/collect-univ-date/db/neo4j/development/lib/neo4j-import-tool-3.3.0.jar
2017-11-21 12:01:57.159+0000 INFO [o.n.k.i.DiagnosticsManager]  [bootstrap] /Library/Java/JavaVirtualMachines/jdk1.8.0_151.jdk/Contents/Home/jre/lib/sunrsasign.jar
2017-11-21 12:01:57.159+0000 INFO [o.n.k.i.DiagnosticsManager]  [classpath + loader.0] file:/Users/yoshidatakuji/Documents/collect-univ-date/db/neo4j/development/lib/jetty-xml-9.2.22.v20170606.jar
2017-11-21 12:01:57.159+0000 INFO [o.n.k.i.DiagnosticsManager]  [classpath + loader.0] file:/Users/yoshidatakuji/Documents/collect-univ-date/db/neo4j/development/lib/jetty-http-9.2.22.v20170606.jar
2017-11-21 12:01:57.160+0000 INFO [o.n.k.i.DiagnosticsManager]  [classpath + loader.0] file:/Users/yoshidatakuji/Documents/collect-univ-date/db/neo4j/development/lib/neo4j-browser-3.0.11.jar
2017-11-21 12:01:57.160+0000 INFO [o.n.k.i.DiagnosticsManager]  [classpath + loader.0] file:/Users/yoshidatakuji/Documents/collect-univ-date/db/neo4j/development/lib/neo4j-bolt-3.3.0.jar
2017-11-21 12:01:57.160+0000 INFO [o.n.k.i.DiagnosticsManager]  [classpath + loader.0] file:/Users/yoshidatakuji/Documents/collect-univ-date/db/neo4j/development/lib/neo4j-consistency-check-3.3.0.jar
2017-11-21 12:01:57.160+0000 INFO [o.n.k.i.DiagnosticsManager]  [classpath + loader.0] file:/Users/yoshidatakuji/Documents/collect-univ-date/db/neo4j/development/lib/lucene-core-5.5.0.jar
2017-11-21 12:01:57.160+0000 INFO [o.n.k.i.DiagnosticsManager]  [classpath + loader.0] file:/Users/yoshidatakuji/Documents/collect-univ-date/db/neo4j/development/lib/neo4j-jmx-3.3.0.jar
2017-11-21 12:01:57.160+0000 INFO [o.n.k.i.DiagnosticsManager]  [classpath + loader.0] file:/Users/yoshidatakuji/Documents/collect-univ-date/db/neo4j/development/lib/jersey-core-1.19.jar
2017-11-21 12:01:57.160+0000 INFO [o.n.k.i.DiagnosticsManager]  [classpath + loader.0] file:/Users/yoshidatakuji/Documents/collect-univ-date/db/neo4j/development/lib/mimepull-1.9.3.jar
2017-11-21 12:01:57.160+0000 INFO [o.n.k.i.DiagnosticsManager]  [classpath + loader.0] file:/Users/yoshidatakuji/Documents/collect-univ-date/db/neo4j/development/lib/bcpkix-jdk15on-1.53.jar
2017-11-21 12:01:57.160+0000 INFO [o.n.k.i.DiagnosticsManager]  [bootstrap] /Library/Java/JavaVirtualMachines/jdk1.8.0_151.jdk/Contents/Home/jre/lib/jce.jar
2017-11-21 12:01:57.160+0000 INFO [o.n.k.i.DiagnosticsManager]  [classpath + loader.0] file:/Users/yoshidatakuji/Documents/collect-univ-date/db/neo4j/development/lib/neo4j-dbms-3.3.0.jar
2017-11-21 12:01:57.160+0000 INFO [o.n.k.i.DiagnosticsManager]  [classpath + loader.0] file:/Users/yoshidatakuji/Documents/collect-univ-date/db/neo4j/development/lib/commons-text-1.1.jar
2017-11-21 12:01:57.160+0000 INFO [o.n.k.i.DiagnosticsManager]  [classpath + loader.0] file:/Users/yoshidatakuji/Documents/collect-univ-date/db/neo4j/development/conf/
2017-11-21 12:01:57.160+0000 INFO [o.n.k.i.DiagnosticsManager]  [classpath + loader.0] file:/Users/yoshidatakuji/Documents/collect-univ-date/db/neo4j/development/lib/neo4j-ssl-3.3.0.jar
2017-11-21 12:01:57.160+0000 INFO [o.n.k.i.DiagnosticsManager]  [classpath + loader.0] file:/Users/yoshidatakuji/Documents/collect-univ-date/db/neo4j/development/lib/neo4j-configuration-3.3.0.jar
2017-11-21 12:01:57.160+0000 INFO [o.n.k.i.DiagnosticsManager]  [classpath + loader.0] file:/Users/yoshidatakuji/Documents/collect-univ-date/db/neo4j/development/lib/neo4j-cypher-compiler-2.3-2.3.11.jar
2017-11-21 12:01:57.160+0000 INFO [o.n.k.i.DiagnosticsManager]  [bootstrap] /Library/Java/JavaVirtualMachines/jdk1.8.0_151.jdk/Contents/Home/jre/lib/resources.jar
2017-11-21 12:01:57.160+0000 INFO [o.n.k.i.DiagnosticsManager]  [classpath + loader.0] file:/Users/yoshidatakuji/Documents/collect-univ-date/db/neo4j/development/lib/jetty-webapp-9.2.22.v20170606.jar
2017-11-21 12:01:57.161+0000 INFO [o.n.k.i.DiagnosticsManager]  [classpath + loader.0] file:/Users/yoshidatakuji/Documents/collect-univ-date/db/neo4j/development/lib/neo4j-lucene-index-3.3.0.jar
2017-11-21 12:01:57.161+0000 INFO [o.n.k.i.DiagnosticsManager]  [classpath + loader.0] file:/Users/yoshidatakuji/Documents/collect-univ-date/db/neo4j/development/lib/neo4j-unsafe-3.3.0.jar
2017-11-21 12:01:57.161+0000 INFO [o.n.k.i.DiagnosticsManager]  [classpath + loader.0] file:/Users/yoshidatakuji/Documents/collect-univ-date/db/neo4j/development/lib/jetty-util-9.2.22.v20170606.jar
2017-11-21 12:01:57.161+0000 INFO [o.n.k.i.DiagnosticsManager]  [classpath + loader.0] file:/Users/yoshidatakuji/Documents/collect-univ-date/db/neo4j/development/lib/neo4j-cypher-frontend-3.1-3.1.6.jar
2017-11-21 12:01:57.161+0000 INFO [o.n.k.i.DiagnosticsManager]  [classpath + loader.0] file:/Users/yoshidatakuji/Documents/collect-univ-date/db/neo4j/development/lib/neo4j-cypher-compiler-3.3-3.3.0.jar
2017-11-21 12:01:57.161+0000 INFO [o.n.k.i.DiagnosticsManager]  [classpath + loader.0] file:/Users/yoshidatakuji/Documents/collect-univ-date/db/neo4j/development/lib/neo4j-cypher-compiler-3.2-3.2.5.jar
2017-11-21 12:01:57.161+0000 INFO [o.n.k.i.DiagnosticsManager]  [classpath + loader.0] file:/Users/yoshidatakuji/Documents/collect-univ-date/db/neo4j/development/lib/parboiled-scala_2.11-1.1.7.jar
2017-11-21 12:01:57.161+0000 INFO [o.n.k.i.DiagnosticsManager]  [classpath + loader.0] file:/Users/yoshidatakuji/Documents/collect-univ-date/db/neo4j/development/lib/neo4j-security-3.3.0.jar
2017-11-21 12:01:57.161+0000 INFO [o.n.k.i.DiagnosticsManager]  [loader.1] file:/Library/Java/JavaVirtualMachines/jdk1.8.0_151.jdk/Contents/Home/jre/lib/ext/sunec.jar
2017-11-21 12:01:57.161+0000 INFO [o.n.k.i.DiagnosticsManager]  [classpath + loader.0] file:/Users/yoshidatakuji/Documents/collect-univ-date/db/neo4j/development/lib/opencsv-2.3.jar
2017-11-21 12:01:57.161+0000 INFO [o.n.k.i.DiagnosticsManager]  [loader.1] file:/Library/Java/JavaVirtualMachines/jdk1.8.0_151.jdk/Contents/Home/jre/lib/ext/sunjce_provider.jar
2017-11-21 12:01:57.161+0000 INFO [o.n.k.i.DiagnosticsManager]  [classpath + loader.0] file:/Users/yoshidatakuji/Documents/collect-univ-date/db/neo4j/development/lib/neo4j-cypher-frontend-2.3-2.3.11.jar
2017-11-21 12:01:57.161+0000 INFO [o.n.k.i.DiagnosticsManager]  [classpath + loader.0] file:/Users/yoshidatakuji/Documents/collect-univ-date/db/neo4j/development/lib/neo4j-udc-3.3.0.jar
2017-11-21 12:01:57.161+0000 INFO [o.n.k.i.DiagnosticsManager]  [classpath + loader.0] file:/Users/yoshidatakuji/Documents/collect-univ-date/db/neo4j/development/lib/neo4j-graphdb-api-3.3.0.jar
2017-11-21 12:01:57.161+0000 INFO [o.n.k.i.DiagnosticsManager]  [classpath + loader.0] file:/Users/yoshidatakuji/Documents/collect-univ-date/db/neo4j/development/lib/jline-2.12.jar
2017-11-21 12:01:57.161+0000 INFO [o.n.k.i.DiagnosticsManager]  [bootstrap] /Library/Java/JavaVirtualMachines/jdk1.8.0_151.jdk/Contents/Home/jre/lib/jsse.jar
2017-11-21 12:01:57.161+0000 INFO [o.n.k.i.DiagnosticsManager]  [loader.1] file:/Library/Java/JavaVirtualMachines/jdk1.8.0_151.jdk/Contents/Home/jre/lib/ext/jaccess.jar
2017-11-21 12:01:57.162+0000 INFO [o.n.k.i.DiagnosticsManager]  [classpath + loader.0] file:/Users/yoshidatakuji/Documents/collect-univ-date/db/neo4j/development/lib/neo4j-collections-3.3.0.jar
2017-11-21 12:01:57.162+0000 INFO [o.n.k.i.DiagnosticsManager]  [classpath + loader.0] file:/Users/yoshidatakuji/Documents/collect-univ-date/db/neo4j/development/lib/neo4j-cypher-frontend-3.2-3.2.5.jar
2017-11-21 12:01:57.162+0000 INFO [o.n.k.i.DiagnosticsManager]  [classpath + loader.0] file:/Users/yoshidatakuji/Documents/collect-univ-date/db/neo4j/development/lib/neo4j-logging-3.3.0.jar
2017-11-21 12:01:57.162+0000 INFO [o.n.k.i.DiagnosticsManager]  [classpath + loader.0] file:/Users/yoshidatakuji/Documents/collect-univ-date/db/neo4j/development/lib/neo4j-io-3.3.0.jar
2017-11-21 12:01:57.162+0000 INFO [o.n.k.i.DiagnosticsManager]  [classpath + loader.0] file:/Users/yoshidatakuji/Documents/collect-univ-date/db/neo4j/development/lib/bcprov-jdk15on-1.53.jar
2017-11-21 12:01:57.162+0000 INFO [o.n.k.i.DiagnosticsManager]  [classpath + loader.0] file:/Users/yoshidatakuji/Documents/collect-univ-date/db/neo4j/development/lib/jackson-mapper-asl-1.9.13.jar
2017-11-21 12:01:57.162+0000 INFO [o.n.k.i.DiagnosticsManager]  [loader.1] file:/Library/Java/JavaVirtualMachines/jdk1.8.0_151.jdk/Contents/Home/jre/lib/ext/zipfs.jar
2017-11-21 12:01:57.162+0000 INFO [o.n.k.i.DiagnosticsManager]  [classpath + loader.0] file:/Users/yoshidatakuji/Documents/collect-univ-date/db/neo4j/development/lib/neo4j-cypher-compiler-3.1-3.1.6.jar
2017-11-21 12:01:57.162+0000 INFO [o.n.k.i.DiagnosticsManager]  [classpath + loader.0] file:/Users/yoshidatakuji/Documents/collect-univ-date/db/neo4j/development/lib/neo4j-cypher-frontend-3.3-3.3.0.jar
2017-11-21 12:01:57.162+0000 INFO [o.n.k.i.DiagnosticsManager]  [loader.1] file:/System/Library/Java/Extensions/MRJToolkit.jar
2017-11-21 12:01:57.162+0000 INFO [o.n.k.i.DiagnosticsManager]  [classpath + loader.0] file:/Users/yoshidatakuji/Documents/collect-univ-date/db/neo4j/development/lib/javax.servlet-api-3.1.0.jar
2017-11-21 12:01:57.162+0000 INFO [o.n.k.i.DiagnosticsManager]  [classpath + loader.0] file:/Users/yoshidatakuji/Documents/collect-univ-date/db/neo4j/development/lib/caffeine-2.3.3.jar
2017-11-21 12:01:57.162+0000 INFO [o.n.k.i.DiagnosticsManager]  [classpath + loader.0] file:/Users/yoshidatakuji/Documents/collect-univ-date/db/neo4j/development/lib/netty-all-4.1.15.Final.jar
2017-11-21 12:01:57.162+0000 INFO [o.n.k.i.DiagnosticsManager]  [classpath + loader.0] file:/Users/yoshidatakuji/Documents/collect-univ-date/db/neo4j/development/lib/neo4j-cypher-logical-plans-3.3-3.3.0.jar
2017-11-21 12:01:57.162+0000 INFO [o.n.k.i.DiagnosticsManager]  [classpath + loader.0] file:/Users/yoshidatakuji/Documents/collect-univ-date/db/neo4j/development/lib/server-api-3.3.0.jar
2017-11-21 12:01:57.162+0000 INFO [o.n.k.i.DiagnosticsManager]  [classpath + loader.0] file:/Users/yoshidatakuji/Documents/collect-univ-date/db/neo4j/development/lib/neo4j-kernel-3.3.0.jar
2017-11-21 12:01:57.163+0000 INFO [o.n.k.i.DiagnosticsManager]  [classpath + loader.0] file:/Users/yoshidatakuji/Documents/collect-univ-date/db/neo4j/development/lib/jackson-core-asl-1.9.13.jar
2017-11-21 12:01:57.163+0000 INFO [o.n.k.i.DiagnosticsManager]  [classpath + loader.0] file:/Users/yoshidatakuji/Documents/collect-univ-date/db/neo4j/development/lib/neo4j-server-3.3.0.jar
2017-11-21 12:01:57.163+0000 INFO [o.n.k.i.DiagnosticsManager]  [classpath + loader.0] file:/Users/yoshidatakuji/Documents/collect-univ-date/db/neo4j/development/lib/neo4j-graph-matching-3.1.6.jar
2017-11-21 12:01:57.163+0000 INFO [o.n.k.i.DiagnosticsManager]  [classpath + loader.0] file:/Users/yoshidatakuji/Documents/collect-univ-date/db/neo4j/development/plugins/*
2017-11-21 12:01:57.163+0000 INFO [o.n.k.i.DiagnosticsManager]  [classpath + loader.0] file:/Users/yoshidatakuji/Documents/collect-univ-date/db/neo4j/development/lib/jsr311-api-1.1.2.r612.jar
2017-11-21 12:01:57.163+0000 INFO [o.n.k.i.DiagnosticsManager]  [classpath + loader.0] file:/Users/yoshidatakuji/Documents/collect-univ-date/db/neo4j/development/lib/neo4j-codegen-3.3.0.jar
2017-11-21 12:01:57.163+0000 INFO [o.n.k.i.DiagnosticsManager]  [loader.1] file:/Library/Java/JavaVirtualMachines/jdk1.8.0_151.jdk/Contents/Home/jre/lib/ext/dnsns.jar
2017-11-21 12:01:57.163+0000 INFO [o.n.k.i.DiagnosticsManager]  [classpath + loader.0] file:/Users/yoshidatakuji/Documents/collect-univ-date/db/neo4j/development/lib/jetty-security-9.2.22.v20170606.jar
2017-11-21 12:01:57.163+0000 INFO [o.n.k.i.DiagnosticsManager]  [classpath + loader.0] file:/Users/yoshidatakuji/Documents/collect-univ-date/db/neo4j/development/lib/lucene-queryparser-5.5.0.jar
2017-11-21 12:01:57.163+0000 INFO [o.n.k.i.DiagnosticsManager]  [bootstrap] /Library/Java/JavaVirtualMachines/jdk1.8.0_151.jdk/Contents/Home/jre/lib/jfr.jar
2017-11-21 12:01:57.163+0000 INFO [o.n.k.i.DiagnosticsManager]  [classpath + loader.0] file:/Users/yoshidatakuji/Documents/collect-univ-date/db/neo4j/development/lib/parboiled-core-1.1.7.jar
2017-11-21 12:01:57.163+0000 INFO [o.n.k.i.DiagnosticsManager]  [classpath + loader.0] file:/Users/yoshidatakuji/Documents/collect-univ-date/db/neo4j/development/lib/rhino-1.7R4.jar
2017-11-21 12:01:57.163+0000 INFO [o.n.k.i.DiagnosticsManager]  [classpath + loader.0] file:/Users/yoshidatakuji/Documents/collect-univ-date/db/neo4j/development/lib/concurrentlinkedhashmap-lru-1.4.2.jar
2017-11-21 12:01:57.163+0000 INFO [o.n.k.i.DiagnosticsManager]  [classpath + loader.0] file:/Users/yoshidatakuji/Documents/collect-univ-date/db/neo4j/development/lib/jersey-server-1.19.jar
2017-11-21 12:01:57.163+0000 INFO [o.n.k.i.DiagnosticsManager]  [classpath + loader.0] file:/Users/yoshidatakuji/Documents/collect-univ-date/db/neo4j/development/lib/jetty-io-9.2.22.v20170606.jar
2017-11-21 12:01:57.163+0000 INFO [o.n.k.i.DiagnosticsManager]  [classpath + loader.0] file:/Users/yoshidatakuji/Documents/collect-univ-date/db/neo4j/development/lib/commons-configuration-1.10.jar
2017-11-21 12:01:57.163+0000 INFO [o.n.k.i.DiagnosticsManager]  [loader.1] file:/Library/Java/JavaVirtualMachines/jdk1.8.0_151.jdk/Contents/Home/jre/lib/ext/localedata.jar
2017-11-21 12:01:57.163+0000 INFO [o.n.k.i.DiagnosticsManager]  [classpath + loader.0] file:/Users/yoshidatakuji/Documents/collect-univ-date/db/neo4j/development/lib/jackson-jaxrs-1.9.13.jar
2017-11-21 12:01:57.163+0000 INFO [o.n.k.i.DiagnosticsManager]  [classpath + loader.0] file:/Users/yoshidatakuji/Documents/collect-univ-date/db/neo4j/development/lib/neo4j-cypher-ir-3.3-3.3.0.jar
2017-11-21 12:01:57.163+0000 INFO [o.n.k.i.DiagnosticsManager]  [classpath + loader.0] file:/Users/yoshidatakuji/Documents/collect-univ-date/db/neo4j/development/lib/neo4j-lucene-upgrade-3.3.0.jar
2017-11-21 12:01:57.163+0000 INFO [o.n.k.i.DiagnosticsManager]  [classpath + loader.0] file:/Users/yoshidatakuji/Documents/collect-univ-date/db/neo4j/development/lib/lucene-codecs-5.5.0.jar
2017-11-21 12:01:57.163+0000 INFO [o.n.k.i.DiagnosticsManager]  [classpath + loader.0] file:/Users/yoshidatakuji/Documents/collect-univ-date/db/neo4j/development/lib/neo4j-cypher-ir-3.2-3.2.5.jar
2017-11-21 12:01:57.164+0000 INFO [o.n.k.i.DiagnosticsManager]  [classpath + loader.0] file:/Users/yoshidatakuji/Documents/collect-univ-date/db/neo4j/development/lib/lucene-analyzers-common-5.5.0.jar
2017-11-21 12:01:57.164+0000 INFO [o.n.k.i.DiagnosticsManager]  [classpath + loader.0] file:/Users/yoshidatakuji/Documents/collect-univ-date/db/neo4j/development/lib/neo4j-primitive-collections-3.3.0.jar
2017-11-21 12:01:57.164+0000 INFO [o.n.k.i.DiagnosticsManager]  [classpath + loader.0] file:/Users/yoshidatakuji/Documents/collect-univ-date/db/neo4j/development/lib/jetty-servlet-9.2.22.v20170606.jar
2017-11-21 12:01:57.164+0000 INFO [o.n.k.i.DiagnosticsManager]  [classpath + loader.0] file:/Users/yoshidatakuji/Documents/collect-univ-date/db/neo4j/development/lib/commons-logging-1.1.1.jar
2017-11-21 12:01:57.164+0000 INFO [o.n.k.i.DiagnosticsManager]  [classpath + loader.0] file:/Users/yoshidatakuji/Documents/collect-univ-date/db/neo4j/development/lib/jetty-server-9.2.22.v20170606.jar
2017-11-21 12:01:57.164+0000 INFO [o.n.k.i.DiagnosticsManager]  [classpath + loader.0] file:/Users/yoshidatakuji/Documents/collect-univ-date/db/neo4j/development/plugins/
2017-11-21 12:01:57.164+0000 INFO [o.n.k.i.DiagnosticsManager] Library path:
2017-11-21 12:01:57.164+0000 INFO [o.n.k.i.DiagnosticsManager] /Users/yoshidatakuji/Library/Java/Extensions
2017-11-21 12:01:57.164+0000 INFO [o.n.k.i.DiagnosticsManager] /Library/Java/Extensions
2017-11-21 12:01:57.164+0000 INFO [o.n.k.i.DiagnosticsManager] /Network/Library/Java/Extensions
2017-11-21 12:01:57.164+0000 INFO [o.n.k.i.DiagnosticsManager] /System/Library/Java/Extensions
2017-11-21 12:01:57.164+0000 INFO [o.n.k.i.DiagnosticsManager] /usr/lib/java
2017-11-21 12:01:57.165+0000 INFO [o.n.k.i.DiagnosticsManager] /Users/yoshidatakuji/Documents/collect-univ-date
2017-11-21 12:01:57.165+0000 INFO [o.n.k.i.DiagnosticsManager] System.properties:
2017-11-21 12:01:57.165+0000 INFO [o.n.k.i.DiagnosticsManager] sun.boot.library.path = /Library/Java/JavaVirtualMachines/jdk1.8.0_151.jdk/Contents/Home/jre/lib
2017-11-21 12:01:57.165+0000 INFO [o.n.k.i.DiagnosticsManager] gopherProxySet = false
2017-11-21 12:01:57.165+0000 INFO [o.n.k.i.DiagnosticsManager] path.separator = :
2017-11-21 12:01:57.165+0000 INFO [o.n.k.i.DiagnosticsManager] file.encoding.pkg = sun.io
2017-11-21 12:01:57.165+0000 INFO [o.n.k.i.DiagnosticsManager] user.country = JP
2017-11-21 12:01:57.165+0000 INFO [o.n.k.i.DiagnosticsManager] sun.java.launcher = SUN_STANDARD
2017-11-21 12:01:57.165+0000 INFO [o.n.k.i.DiagnosticsManager] sun.os.patch.level = unknown
2017-11-21 12:01:57.165+0000 INFO [o.n.k.i.DiagnosticsManager] user.dir = /Users/yoshidatakuji/Documents/collect-univ-date
2017-11-21 12:01:57.165+0000 INFO [o.n.k.i.DiagnosticsManager] sun.jnu.encoding = UTF-8
2017-11-21 12:01:57.165+0000 INFO [o.n.k.i.DiagnosticsManager] unsupported.dbms.udc.source = tarball
2017-11-21 12:01:57.165+0000 INFO [o.n.k.i.DiagnosticsManager] sun.management.compiler = HotSpot 64-Bit Tiered Compilers
2017-11-21 12:01:57.165+0000 INFO [o.n.k.i.DiagnosticsManager] http.nonProxyHosts = local|*.local|169.254/16|*.169.254/16
2017-11-21 12:01:57.165+0000 INFO [o.n.k.i.DiagnosticsManager] user.home = /Users/yoshidatakuji
2017-11-21 12:01:57.166+0000 INFO [o.n.k.i.DiagnosticsManager] user.timezone = Asia/Tokyo
2017-11-21 12:01:57.166+0000 INFO [o.n.k.i.DiagnosticsManager] file.encoding = UTF-8
2017-11-21 12:01:57.166+0000 INFO [o.n.k.i.DiagnosticsManager] user.name = yoshidatakuji
2017-11-21 12:01:57.166+0000 INFO [o.n.k.i.DiagnosticsManager] sun.java.command = org.neo4j.server.CommunityEntryPoint --home-dir=/Users/yoshidatakuji/Documents/collect-univ-date/db/neo4j/development --config-dir=/Users/yoshidatakuji/Documents/collect-univ-date/db/neo4j/development/conf
2017-11-21 12:01:57.166+0000 INFO [o.n.k.i.DiagnosticsManager] sun.arch.data.model = 64
2017-11-21 12:01:57.166+0000 INFO [o.n.k.i.DiagnosticsManager] user.language = ja
2017-11-21 12:01:57.166+0000 INFO [o.n.k.i.DiagnosticsManager] awt.toolkit = sun.lwawt.macosx.LWCToolkit
2017-11-21 12:01:57.166+0000 INFO [o.n.k.i.DiagnosticsManager] jdk.tls.ephemeralDHKeySize = 2048
2017-11-21 12:01:57.166+0000 INFO [o.n.k.i.DiagnosticsManager] file.separator = /
2017-11-21 12:01:57.166+0000 INFO [o.n.k.i.DiagnosticsManager] sun.io.unicode.encoding = UnicodeBig
2017-11-21 12:01:57.166+0000 INFO [o.n.k.i.DiagnosticsManager] sun.cpu.endian = little
2017-11-21 12:01:57.166+0000 INFO [o.n.k.i.DiagnosticsManager] socksNonProxyHosts = local|*.local|169.254/16|*.169.254/16
2017-11-21 12:01:57.166+0000 INFO [o.n.k.i.DiagnosticsManager] ftp.nonProxyHosts = local|*.local|169.254/16|*.169.254/16
2017-11-21 12:01:57.166+0000 INFO [o.n.k.i.DiagnosticsManager] sun.cpu.isalist = 
2017-11-21 12:01:57.166+0000 INFO [o.n.k.i.DiagnosticsManager] Network information:
2017-11-21 12:01:57.169+0000 INFO [o.n.k.i.DiagnosticsManager] Interface utun0:
2017-11-21 12:01:57.169+0000 INFO [o.n.k.i.DiagnosticsManager]     address: fe80:0:0:0:5425:61bd:239:2066%utun0
2017-11-21 12:01:57.170+0000 INFO [o.n.k.i.DiagnosticsManager] Interface awdl0:
2017-11-21 12:01:57.170+0000 INFO [o.n.k.i.DiagnosticsManager]     address: fe80:0:0:0:1c0e:16ff:feba:4995%awdl0
2017-11-21 12:01:57.170+0000 INFO [o.n.k.i.DiagnosticsManager] Interface en0:
2017-11-21 12:01:57.170+0000 INFO [o.n.k.i.DiagnosticsManager]     address: fe80:0:0:0:106a:f543:c07e:3a4f%en0
2017-11-21 12:01:57.170+0000 INFO [o.n.k.i.DiagnosticsManager]     address: 192.168.0.15
2017-11-21 12:01:57.170+0000 INFO [o.n.k.i.DiagnosticsManager] Interface lo0:
2017-11-21 12:01:57.170+0000 INFO [o.n.k.i.DiagnosticsManager]     address: fe80:0:0:0:0:0:0:1%lo0
2017-11-21 12:01:57.170+0000 INFO [o.n.k.i.DiagnosticsManager]     address: 0:0:0:0:0:0:0:1
2017-11-21 12:01:57.170+0000 INFO [o.n.k.i.DiagnosticsManager]     address: 127.0.0.1
2017-11-21 12:01:57.170+0000 INFO [o.n.k.i.DiagnosticsManager] --- INITIALIZED diagnostics END ---
2017-11-21 12:01:57.591+0000 INFO [o.n.b.v.r.WorkerFactory] Bolt Server extension loaded.
2017-11-21 12:01:57.592+0000 INFO [o.n.b.v.r.WorkerFactory] Bolt enabled on localhost:7472.
2017-11-21 12:01:57.703+0000 INFO [o.n.k.i.s.f.RecordFormatSelector] Selected format 'RecordFormat:StandardV3_2[v0.A.8]' for the new store
2017-11-21 12:01:57.934+0000 INFO [o.n.k.i.a.i.IndexingService] IndexingService.init: indexes not specifically mentioned above are null
2017-11-21 12:01:57.936+0000 INFO [o.n.k.i.i.l.NativeLabelScanStore] No scan store found, this might just be first use. Preparing to rebuild.
2017-11-21 12:01:57.975+0000 INFO [o.n.k.NeoStoreDataSource] Opened logical log [/Users/yoshidatakuji/Documents/collect-univ-date/db/neo4j/development/data/databases/graph.db/neostore.transaction.db.0] version=0, lastTxId=1 (clean)
2017-11-21 12:01:57.976+0000 INFO [o.n.k.NeoStoreDataSource] No commits found after last check point (which is at <no log position given>)
2017-11-21 12:01:57.983+0000 WARN [o.n.k.i.s.MetaDataStore] Missing counts store, rebuilding it.
2017-11-21 12:01:58.092+0000 WARN [o.n.k.i.s.MetaDataStore] Counts store rebuild completed.
2017-11-21 12:01:58.112+0000 INFO [o.n.k.i.a.i.IndexingService] IndexingService.start: indexes not specifically mentioned above are null
2017-11-21 12:01:58.114+0000 INFO [o.n.k.i.i.l.NativeLabelScanStore] Rebuilding scan store, this may take a while
2017-11-21 12:01:58.125+0000 INFO [o.n.k.i.i.l.NativeLabelScanStore] Scan store rebuilt (roughly 0 nodes)
2017-11-21 12:01:58.129+0000 INFO [o.n.k.i.DatabaseHealth] Database health set to OK
2017-11-21 12:02:03.682+0000 INFO [o.n.k.i.t.l.c.CheckPointerImpl] Check Pointing triggered by database shutdown [1]:  Starting check pointing...
2017-11-21 12:02:03.682+0000 INFO [o.n.k.i.t.l.c.CheckPointerImpl] Check Pointing triggered by database shutdown [1]:  Starting store flush...
2017-11-21 12:02:03.697+0000 INFO [o.n.k.i.t.l.c.CheckPointerImpl] Check Pointing triggered by database shutdown [1]:  Store flush completed
2017-11-21 12:02:03.697+0000 INFO [o.n.k.i.t.l.c.CheckPointerImpl] Check Pointing triggered by database shutdown [1]:  Starting appending check point entry into the tx log...
2017-11-21 12:02:03.699+0000 INFO [o.n.k.i.t.l.c.CheckPointerImpl] Check Pointing triggered by database shutdown [1]:  Appending check point entry into the tx log completed
2017-11-21 12:02:03.699+0000 INFO [o.n.k.i.t.l.c.CheckPointerImpl] Check Pointing triggered by database shutdown [1]:  Check pointing completed
2017-11-21 12:02:03.699+0000 INFO [o.n.k.i.t.l.p.LogPruningImpl] Log Rotation [0]:  Starting log pruning.
2017-11-21 12:02:03.699+0000 INFO [o.n.k.i.t.l.p.LogPruningImpl] Log Rotation [0]:  Log pruning complete.
2017-11-21 12:02:03.709+0000 INFO [o.n.k.i.DiagnosticsManager] --- STOPPING diagnostics START ---
2017-11-21 12:02:03.709+0000 INFO [o.n.k.i.DiagnosticsManager] --- STOPPING diagnostics END ---
2017-11-21 12:02:03.709+0000 INFO [o.n.k.i.f.GraphDatabaseFacadeFactory] Shutdown started
