2017-11-21 12:01:51.451+0000 INFO  ======== Neo4j 3.3.0 ========
2017-11-21 12:01:51.492+0000 INFO  Starting...
2017-11-21 12:01:57.592+0000 INFO  Bolt enabled on localhost:7472.
2017-11-21 12:02:03.714+0000 ERROR Failed to start Neo4j: Starting Neo4j failed: Component 'org.neo4j.server.database.LifecycleManagingDatabase@57b75756' was successfully initialized, but failed to start. Please see the attached cause exception "Address localhost:7472 is already in use, cannot bind to it.". Starting Neo4j failed: Component 'org.neo4j.server.database.LifecycleManagingDatabase@57b75756' was successfully initialized, but failed to start. Please see the attached cause exception "Address localhost:7472 is already in use, cannot bind to it.".
org.neo4j.server.ServerStartupException: Starting Neo4j failed: Component 'org.neo4j.server.database.LifecycleManagingDatabase@57b75756' was successfully initialized, but failed to start. Please see the attached cause exception "Address localhost:7472 is already in use, cannot bind to it.".
	at org.neo4j.server.exception.ServerStartupErrors.translateToServerStartupError(ServerStartupErrors.java:68)
	at org.neo4j.server.AbstractNeoServer.start(AbstractNeoServer.java:218)
	at org.neo4j.server.ServerBootstrapper.start(ServerBootstrapper.java:111)
	at org.neo4j.server.ServerBootstrapper.start(ServerBootstrapper.java:79)
	at org.neo4j.server.CommunityEntryPoint.main(CommunityEntryPoint.java:32)
Caused by: org.neo4j.kernel.lifecycle.LifecycleException: Component 'org.neo4j.server.database.LifecycleManagingDatabase@57b75756' was successfully initialized, but failed to start. Please see the attached cause exception "Address localhost:7472 is already in use, cannot bind to it.".
	at org.neo4j.kernel.lifecycle.LifeSupport$LifecycleInstance.start(LifeSupport.java:466)
	at org.neo4j.kernel.lifecycle.LifeSupport.start(LifeSupport.java:107)
	at org.neo4j.server.AbstractNeoServer.start(AbstractNeoServer.java:210)
	... 3 more
Caused by: java.lang.RuntimeException: Error starting org.neo4j.kernel.impl.factory.GraphDatabaseFacadeFactory, /Users/yoshidatakuji/Documents/collect-univ-date/db/neo4j/development/data/databases/graph.db
	at org.neo4j.kernel.impl.factory.GraphDatabaseFacadeFactory.initFacade(GraphDatabaseFacadeFactory.java:211)
	at org.neo4j.kernel.impl.factory.GraphDatabaseFacadeFactory.newFacade(GraphDatabaseFacadeFactory.java:126)
	at org.neo4j.server.CommunityNeoServer.lambda$static$0(CommunityNeoServer.java:58)
	at org.neo4j.server.database.LifecycleManagingDatabase.start(LifecycleManagingDatabase.java:88)
	at org.neo4j.kernel.lifecycle.LifeSupport$LifecycleInstance.start(LifeSupport.java:445)
	... 5 more
Caused by: org.neo4j.kernel.lifecycle.LifecycleException: Component 'org.neo4j.bolt.transport.NettyServer@40368a46' was successfully initialized, but failed to start. Please see the attached cause exception "Address localhost:7472 is already in use, cannot bind to it.".
	at org.neo4j.kernel.lifecycle.LifeSupport$LifecycleInstance.start(LifeSupport.java:466)
	at org.neo4j.kernel.lifecycle.LifeSupport.start(LifeSupport.java:107)
	at org.neo4j.kernel.lifecycle.LifeSupport$LifecycleInstance.start(LifeSupport.java:445)
	at org.neo4j.kernel.lifecycle.LifeSupport.start(LifeSupport.java:107)
	at org.neo4j.kernel.extension.KernelExtensions.start(KernelExtensions.java:84)
	at org.neo4j.kernel.lifecycle.LifeSupport$LifecycleInstance.start(LifeSupport.java:445)
	at org.neo4j.kernel.lifecycle.LifeSupport.start(LifeSupport.java:107)
	at org.neo4j.kernel.impl.factory.GraphDatabaseFacadeFactory.initFacade(GraphDatabaseFacadeFactory.java:207)
	... 9 more
Caused by: org.neo4j.helpers.PortBindException: Address localhost:7472 is already in use, cannot bind to it.
	at sun.nio.ch.Net.bind0(Native Method)
	at sun.nio.ch.Net.bind(Net.java:433)
	at sun.nio.ch.Net.bind(Net.java:425)
	at sun.nio.ch.ServerSocketChannelImpl.bind(ServerSocketChannelImpl.java:223)
	at io.netty.channel.socket.nio.NioServerSocketChannel.doBind(NioServerSocketChannel.java:128)
	at io.netty.channel.AbstractChannel$AbstractUnsafe.bind(AbstractChannel.java:558)
	at io.netty.channel.DefaultChannelPipeline$HeadContext.bind(DefaultChannelPipeline.java:1283)
	at io.netty.channel.AbstractChannelHandlerContext.invokeBind(AbstractChannelHandlerContext.java:501)
	at io.netty.channel.AbstractChannelHandlerContext.bind(AbstractChannelHandlerContext.java:486)
	at io.netty.channel.DefaultChannelPipeline.bind(DefaultChannelPipeline.java:989)
	at io.netty.channel.AbstractChannel.bind(AbstractChannel.java:254)
	at io.netty.bootstrap.AbstractBootstrap$2.run(AbstractBootstrap.java:365)
	at io.netty.util.concurrent.AbstractEventExecutor.safeExecute(AbstractEventExecutor.java:163)
	at io.netty.util.concurrent.SingleThreadEventExecutor.runAllTasks(SingleThreadEventExecutor.java:403)
	at io.netty.channel.nio.NioEventLoop.run(NioEventLoop.java:463)
	at io.netty.util.concurrent.SingleThreadEventExecutor$5.run(SingleThreadEventExecutor.java:858)
	at java.lang.Thread.run(Thread.java:748)
2017-11-21 12:02:03.715+0000 INFO  Neo4j Server shutdown initiated by request
